-------------------------------------------------------------------------------
Test set: com.turchenkov.parsing.ParsingApplicationTests
-------------------------------------------------------------------------------
Tests run: 1, Failures: 0, Errors: 1, Skipped: 0, Time elapsed: 5.985 s <<< FAILURE! - in com.turchenkov.parsing.ParsingApplicationTests
testFetchData(com.turchenkov.parsing.ParsingApplicationTests)  Time elapsed: 0.008 s  <<< ERROR!
java.lang.IllegalStateException: Failed to load ApplicationContext
Caused by: org.springframework.beans.factory.UnsatisfiedDependencyException: Error creating bean with name 'loadTime' defined in class path resource [com/turchenkov/parsing/customannotation/TimerAspect.class]: Unsatisfied dependency expressed through method 'loadTime' parameter 0; nested exception is org.springframework.beans.factory.NoSuchBeanDefinitionException: No qualifying bean of type 'org.aspectj.lang.ProceedingJoinPoint' available: expected at least 1 bean which qualifies as autowire candidate. Dependency annotations: {}
Caused by: org.springframework.beans.factory.NoSuchBeanDefinitionException: No qualifying bean of type 'org.aspectj.lang.ProceedingJoinPoint' available: expected at least 1 bean which qualifies as autowire candidate. Dependency annotations: {}

